#
# A fatal error has been detected by the Java Runtime Environment:
#
#  EXCEPTION_ACCESS_VIOLATION (0xc0000005) at pc=0x0000000063bec260, pid=15092, tid=0x0000000000002b38
#
# JRE version: Java(TM) SE Runtime Environment (8.0_101-b13) (build 1.8.0_101-b13)
# Java VM: Java HotSpot(TM) 64-Bit Server VM (25.101-b13 mixed mode windows-amd64 compressed oops)
# Problematic frame:
# C  [MSVCR100.dll+0x3c260]
#
# Failed to write core dump. Minidumps are not enabled by default on client versions of Windows
#
# If you would like to submit a bug report, please visit:
#   http://bugreport.java.com/bugreport/crash.jsp
#

---------------  T H R E A D  ---------------

Current thread (0x000000001a374000):  JavaThread "System clipboard synchronizer" daemon [_thread_in_vm, id=11064, stack(0x000000001a970000,0x000000001ab70000)]

siginfo: ExceptionCode=0xc0000005, reading address 0x0000000029ff1ff8

Registers:
RAX=0x000000000000002f, RBX=0x000000001a374000, RCX=0x00000000f37d1368, RDX=0xffffffff36820c88
RSP=0x000000001ab6f0c8, RBP=0x000000001a396f90, RSI=0x0000000000000000, RDI=0x000000000078b434
R8 =0x00000000002f3430, R9 =0xffffffffffffffff, R10=0xffffffffffffffff, R11=0x00000000f34de3b8
R12=0x0000000000000008, R13=0x0000000000000000, R14=0x000000000078b434, R15=0x000000001a374000
RIP=0x0000000063bec260, EFLAGS=0x0000000000010202

Top of Stack: (sp=0x000000001ab6f0c8)
0x000000001ab6f0c8:   0000000062a5bec1 0000000029cff000
0x000000001ab6f0d8:   0000000062a40cfd 000000000078b434
0x000000001ab6f0e8:   00007ffda51e58eb 000000001ab6f208
0x000000001ab6f0f8:   0000000029cff000 000000001a374000
0x000000001ab6f108:   0000000000000000 000000000078b434
0x000000001ab6f118:   0000000000000003 000000001a396f90
0x000000001ab6f128:   000000006274a62f 000000001a3741f8
0x000000001ab6f138:   000000001ab6f208 0000000029cff040
0x000000001ab6f148:   0000000074dc4fda 0000000029cff040
0x000000001ab6f158:   00000000c0166e40 0000000100000000
0x000000001ab6f168:   fffffffffffffffe 000000001ab6f238
0x000000001ab6f178:   0000000025e18b60 0000000000000000
0x000000001ab6f188:   0000000003097f54 0000000025e18b68
0x000000001ab6f198:   0000000000000003 0000000000000004
0x000000001ab6f1a8:   0000000029cff040 00000000c2776f48
0x000000001ab6f1b8:   0000000003b26bc4 00000000c0166e40 

Instructions: (pc=0x0000000063bec260)
0x0000000063bec240:   c3 49 e8 4c 0f c3 51 e0 4c 8b 4c 0a d8 4c 8b 54
0x0000000063bec250:   0a d0 48 83 e9 40 4c 0f c3 49 18 4c 0f c3 51 10
0x0000000063bec260:   4c 8b 4c 0a 08 4c 8b 14 0a ff c8 4c 0f c3 49 08
0x0000000063bec270:   4c 0f c3 11 75 aa 49 81 e8 00 10 00 00 49 81 f8 


Register to memory mapping:

RAX=0x000000000000002f is an unknown value
RBX=0x000000001a374000 is a thread
RCX=0x00000000f37d1368 is an oop

[error occurred during error reporting (printing register info), id 0xc0000005]

Stack: [0x000000001a970000,0x000000001ab70000],  sp=0x000000001ab6f0c8,  free space=2044k
Native frames: (J=compiled Java code, j=interpreted, Vv=VM code, C=native code)
C  [MSVCR100.dll+0x3c260]
V  [jvm.dll+0x15bec1]
C  [awt.dll+0x8a62f]
C  0x0000000003097f54

Java frames: (J=compiled Java code, j=interpreted, Vv=VM code)
j  sun.awt.windows.WClipboard.getClipboardData(J)[B+0
j  sun.awt.datatransfer.ClipboardTransferable.fetchOneFlavor(Lsun/awt/datatransfer/SunClipboard;Ljava/awt/datatransfer/DataFlavor;Ljava/lang/Long;Ljava/util/HashMap;)Z+32
j  sun.awt.datatransfer.ClipboardTransferable.<init>(Lsun/awt/datatransfer/SunClipboard;)V+122
j  sun.awt.datatransfer.SunClipboard.getContents(Ljava/lang/Object;)Ljava/awt/datatransfer/Transferable;+17
j  org.netbeans.NbClipboard.getContents(Ljava/lang/Object;)Ljava/awt/datatransfer/Transferable;+145
j  org.netbeans.modules.editor.impl.actions.clipboardhistory.ClipboardHistory.clipboardChanged(Lorg/openide/util/datatransfer/ClipboardEvent;)V+12
j  org.openide.util.datatransfer.ExClipboard.fireClipboardChange()V+45
j  org.netbeans.NbClipboard.fireChange()V+32
j  org.netbeans.NbClipboard$GetContents.run()V+83
J 7093 C1 org.openide.util.RequestProcessor$Task.run()V (192 bytes) @ 0x00000000044844dc [0x0000000004483f60+0x57c]
J 6792 C1 org.netbeans.modules.openide.util.GlobalLookup.execute(Lorg/openide/util/Lookup;Ljava/lang/Runnable;)Z (60 bytes) @ 0x000000000434466c [0x0000000004343f80+0x6ec]
J 6791 C1 org.openide.util.lookup.Lookups.executeWith(Lorg/openide/util/Lookup;Ljava/lang/Runnable;)V (15 bytes) @ 0x000000000358b0e4 [0x000000000358b080+0x64]
j  org.openide.util.RequestProcessor$Processor.run()V+259
v  ~StubRoutines::call_stub

---------------  P R O C E S S  ---------------

Java Threads: ( => current thread )
  0x000000001f291000 JavaThread "W32 File Monitor" daemon [_thread_in_native, id=14512, stack(0x00000000289b0000,0x0000000028bb0000)]
  0x0000000020c4f000 JavaThread "TimerQueue" daemon [_thread_blocked, id=2968, stack(0x0000000026800000,0x0000000026a00000)]
  0x0000000020c4d800 JavaThread "Worker-JM" [_thread_blocked, id=11212, stack(0x0000000026600000,0x0000000026800000)]
  0x0000000020c4c000 JavaThread "Deadlock Detector" [_thread_blocked, id=12492, stack(0x0000000026400000,0x0000000026600000)]
  0x0000000020c4c800 JavaThread "Thread-4" daemon [_thread_blocked, id=5452, stack(0x0000000026200000,0x0000000026400000)]
  0x0000000020c49800 JavaThread "File Watcher" daemon [_thread_blocked, id=14940, stack(0x0000000025c00000,0x0000000025e00000)]
  0x0000000020c41800 JavaThread "AWT-EventQueue-0" [_thread_blocked, id=15196, stack(0x0000000025a00000,0x0000000025c00000)]
  0x0000000020c44800 JavaThread "AWT-Shutdown" [_thread_blocked, id=13536, stack(0x0000000025800000,0x0000000025a00000)]
  0x0000000020c48000 JavaThread "Inactive RequestProcessor thread [Was:OpenIDE-request-processor-1/org.netbeans.core.startup.preferences.NbPreferences$1]" daemon [_thread_blocked, id=8780, stack(0x0000000025600000,0x0000000025800000)]
  0x0000000020c46000 JavaThread "Editor Parsing Loop (201510222201)" daemon [_thread_blocked, id=5964, stack(0x0000000025200000,0x0000000025400000)]
  0x000000001f290800 JavaThread "Bundle File Closer" daemon [_thread_blocked, id=7600, stack(0x0000000023c30000,0x0000000023e30000)]
  0x000000001f296800 JavaThread "Framework Event Dispatcher" daemon [_thread_blocked, id=4816, stack(0x0000000022a60000,0x0000000022c60000)]
  0x000000001f28f800 JavaThread "Framework Active Thread" [_thread_blocked, id=7900, stack(0x0000000022660000,0x0000000022860000)]
  0x000000001a428000 JavaThread "AWT-Windows" daemon [_thread_in_native, id=7932, stack(0x000000001b570000,0x000000001b770000)]
  0x000000001a422000 JavaThread "Java2D Disposer" daemon [_thread_blocked, id=10820, stack(0x000000001b170000,0x000000001b370000)]
  0x000000001a3c3800 JavaThread "RequestProcessor queue manager" daemon [_thread_blocked, id=5688, stack(0x000000001ad70000,0x000000001af70000)]
=>0x000000001a374000 JavaThread "System clipboard synchronizer" daemon [_thread_in_vm, id=11064, stack(0x000000001a970000,0x000000001ab70000)]
  0x000000001a137000 JavaThread "CLI Requests Server" daemon [_thread_in_native, id=11132, stack(0x000000001a770000,0x000000001a970000)]
  0x0000000019fb7800 JavaThread "Active Reference Queue Daemon" daemon [_thread_blocked, id=3728, stack(0x000000001a570000,0x000000001a770000)]
  0x000000001724d000 JavaThread "Service Thread" daemon [_thread_blocked, id=13200, stack(0x0000000019970000,0x0000000019b70000)]
  0x00000000171ae000 JavaThread "C1 CompilerThread3" daemon [_thread_blocked, id=5340, stack(0x0000000019770000,0x0000000019970000)]
  0x00000000171aa000 JavaThread "C2 CompilerThread2" daemon [_thread_blocked, id=10776, stack(0x0000000019570000,0x0000000019770000)]
  0x00000000171a7000 JavaThread "C2 CompilerThread1" daemon [_thread_blocked, id=14364, stack(0x0000000019370000,0x0000000019570000)]
  0x00000000171a4000 JavaThread "C2 CompilerThread0" daemon [_thread_blocked, id=15028, stack(0x0000000019170000,0x0000000019370000)]
  0x00000000171a3000 JavaThread "Attach Listener" daemon [_thread_blocked, id=1644, stack(0x0000000018f70000,0x0000000019170000)]
  0x00000000171a2000 JavaThread "Signal Dispatcher" daemon [_thread_blocked, id=13576, stack(0x0000000018d70000,0x0000000018f70000)]
  0x0000000002c79800 JavaThread "Finalizer" daemon [_thread_blocked, id=1796, stack(0x0000000018980000,0x0000000018b80000)]
  0x0000000017166800 JavaThread "Reference Handler" daemon [_thread_blocked, id=7608, stack(0x0000000018780000,0x0000000018980000)]
  0x0000000002b7e800 JavaThread "main" [_thread_blocked, id=5064, stack(0x0000000000580000,0x0000000000780000)]

Other Threads:
  0x0000000017160800 VMThread [stack: 0x0000000018580000,0x0000000018780000] [id=15144]
  0x000000001725f800 WatcherThread [stack: 0x0000000019b70000,0x0000000019d70000] [id=12764]

VM state:not at safepoint (normal execution)

VM Mutex/Monitor currently owned by a thread: None

Heap:
 PSYoungGen      total 292864K, used 182418K [0x00000000eab00000, 0x0000000100000000, 0x0000000100000000)
  eden space 239616K, 62% used [0x00000000eab00000,0x00000000f3c697f0,0x00000000f9500000)
  from space 53248K, 62% used [0x00000000fcc00000,0x00000000fecbb0f0,0x0000000100000000)
  to   space 54784K, 0% used [0x00000000f9500000,0x00000000f9500000,0x00000000fca80000)
 ParOldGen       total 109056K, used 86101K [0x00000000c0000000, 0x00000000c6a80000, 0x00000000eab00000)
  object space 109056K, 78% used [0x00000000c0000000,0x00000000c54157f8,0x00000000c6a80000)
 Metaspace       used 70373K, capacity 79038K, committed 79276K, reserved 1118208K
  class space    used 8719K, capacity 11434K, committed 11436K, reserved 1048576K

Card table byte_map: [0x0000000012440000,0x0000000012650000] byte_map_base: 0x0000000011e40000

Marking Bits: (ParMarkBitMap*) 0x000000006311a6d0
 Begin Bits: [0x0000000013840000, 0x0000000014840000)
 End Bits:   [0x0000000014840000, 0x0000000015840000)

Polling page: 0x00000000007a0000

CodeCache: size=245760Kb used=34522Kb max_used=34804Kb free=211237Kb
 bounds [0x0000000003080000, 0x0000000005300000, 0x0000000012080000]
 total_blobs=10161 nmethods=9441 adapters=629
 compilation: enabled

Compilation events (10 events):
Event: 141.837 Thread 0x00000000171ae000 12651       3       sun.swing.MenuItemLayoutHelper::getLTRColumnAlignment (4 bytes)
Event: 141.837 Thread 0x00000000171ae000 nmethod 12651 0x00000000035f78d0 code [0x00000000035f7a20, 0x00000000035f7b70]
Event: 141.837 Thread 0x00000000171ae000 12652       3       sun.swing.MenuItemLayoutHelper::doLTRColumnLayout (245 bytes)
Event: 141.840 Thread 0x00000000171ae000 nmethod 12652 0x0000000004c05410 code [0x0000000004c05640, 0x0000000004c06388]
Event: 141.840 Thread 0x00000000171ae000 12654       3       sun.swing.MenuItemLayoutHelper::alignRects (96 bytes)
Event: 141.842 Thread 0x00000000171ae000 nmethod 12654 0x00000000051072d0 code [0x00000000051074a0, 0x0000000005107b10]
Event: 141.842 Thread 0x00000000171ae000 12655       3       sun.swing.MenuItemLayoutHelper::calcTextAndIconYPositions (274 bytes)
Event: 141.842 Thread 0x00000000171ae000 nmethod 12655 0x0000000004f29e50 code [0x0000000004f2a0a0, 0x0000000004f2a650]
Event: 141.842 Thread 0x00000000171ae000 12656       3       sun.swing.MenuItemLayoutHelper$LayoutResult::setLabelRect (6 bytes)
Event: 141.842 Thread 0x00000000171ae000 nmethod 12656 0x00000000035f74d0 code [0x00000000035f7620, 0x00000000035f7790]

GC Heap History (10 events):
Event: 64.862 GC heap before
{Heap before GC invocations=28 (full 4):
 PSYoungGen      total 298496K, used 298487K [0x00000000eab00000, 0x0000000100000000, 0x0000000100000000)
  eden space 273408K, 100% used [0x00000000eab00000,0x00000000fb600000,0x00000000fb600000)
  from space 25088K, 99% used [0x00000000fb600000,0x00000000fce7dfb8,0x00000000fce80000)
  to   space 31232K, 0% used [0x00000000fe180000,0x00000000fe180000,0x0000000100000000)
 ParOldGen       total 109056K, used 59138K [0x00000000c0000000, 0x00000000c6a80000, 0x00000000eab00000)
  object space 109056K, 54% used [0x00000000c0000000,0x00000000c39c0b80,0x00000000c6a80000)
 Metaspace       used 69935K, capacity 78686K, committed 78764K, reserved 1116160K
  class space    used 8690K, capacity 11402K, committed 11436K, reserved 1048576K
Event: 64.889 GC heap after
Heap after GC invocations=28 (full 4):
 PSYoungGen      total 304640K, used 31202K [0x00000000eab00000, 0x0000000100000000, 0x0000000100000000)
  eden space 273408K, 0% used [0x00000000eab00000,0x00000000eab00000,0x00000000fb600000)
  from space 31232K, 99% used [0x00000000fe180000,0x00000000ffff8920,0x0000000100000000)
  to   space 37888K, 0% used [0x00000000fb600000,0x00000000fb600000,0x00000000fdb00000)
 ParOldGen       total 109056K, used 63270K [0x00000000c0000000, 0x00000000c6a80000, 0x00000000eab00000)
  object space 109056K, 58% used [0x00000000c0000000,0x00000000c3dc9a48,0x00000000c6a80000)
 Metaspace       used 69935K, capacity 78686K, committed 78764K, reserved 1116160K
  class space    used 8690K, capacity 11402K, committed 11436K, reserved 1048576K
}
Event: 120.811 GC heap before
{Heap before GC invocations=29 (full 4):
 PSYoungGen      total 304640K, used 304610K [0x00000000eab00000, 0x0000000100000000, 0x0000000100000000)
  eden space 273408K, 100% used [0x00000000eab00000,0x00000000fb600000,0x00000000fb600000)
  from space 31232K, 99% used [0x00000000fe180000,0x00000000ffff8920,0x0000000100000000)
  to   space 37888K, 0% used [0x00000000fb600000,0x00000000fb600000,0x00000000fdb00000)
 ParOldGen       total 109056K, used 63270K [0x00000000c0000000, 0x00000000c6a80000, 0x00000000eab00000)
  object space 109056K, 58% used [0x00000000c0000000,0x00000000c3dc9a48,0x00000000c6a80000)
 Metaspace       used 70321K, capacity 79038K, committed 79276K, reserved 1118208K
  class space    used 8719K, capacity 11434K, committed 11436K, reserved 1048576K
Event: 120.831 GC heap after
Heap after GC invocations=29 (full 4):
 PSYoungGen      total 311296K, used 37882K [0x00000000eab00000, 0x0000000100000000, 0x0000000100000000)
  eden space 273408K, 0% used [0x00000000eab00000,0x00000000eab00000,0x00000000fb600000)
  from space 37888K, 99% used [0x00000000fb600000,0x00000000fdafeb48,0x00000000fdb00000)
  to   space 37888K, 0% used [0x00000000fdb00000,0x00000000fdb00000,0x0000000100000000)
 ParOldGen       total 109056K, used 71458K [0x00000000c0000000, 0x00000000c6a80000, 0x00000000eab00000)
  object space 109056K, 65% used [0x00000000c0000000,0x00000000c45c8930,0x00000000c6a80000)
 Metaspace       used 70321K, capacity 79038K, committed 79276K, reserved 1118208K
  class space    used 8719K, capacity 11434K, committed 11436K, reserved 1048576K
}
Event: 123.774 GC heap before
{Heap before GC invocations=30 (full 4):
 PSYoungGen      total 311296K, used 311290K [0x00000000eab00000, 0x0000000100000000, 0x0000000100000000)
  eden space 273408K, 100% used [0x00000000eab00000,0x00000000fb600000,0x00000000fb600000)
  from space 37888K, 99% used [0x00000000fb600000,0x00000000fdafeb48,0x00000000fdb00000)
  to   space 37888K, 0% used [0x00000000fdb00000,0x00000000fdb00000,0x0000000100000000)
 ParOldGen       total 109056K, used 71458K [0x00000000c0000000, 0x00000000c6a80000, 0x00000000eab00000)
  object space 109056K, 65% used [0x00000000c0000000,0x00000000c45c8930,0x00000000c6a80000)
 Metaspace       used 70341K, capacity 79038K, committed 79276K, reserved 1118208K
  class space    used 8719K, capacity 11434K, committed 11436K, reserved 1048576K
Event: 123.788 GC heap after
Heap after GC invocations=30 (full 4):
 PSYoungGen      total 280576K, used 37884K [0x00000000eab00000, 0x0000000100000000, 0x0000000100000000)
  eden space 242688K, 0% used [0x00000000eab00000,0x00000000eab00000,0x00000000f9800000)
  from space 37888K, 99% used [0x00000000fdb00000,0x00000000fffff2e0,0x0000000100000000)
  to   space 53248K, 0% used [0x00000000f9800000,0x00000000f9800000,0x00000000fcc00000)
 ParOldGen       total 109056K, used 75487K [0x00000000c0000000, 0x00000000c6a80000, 0x00000000eab00000)
  object space 109056K, 69% used [0x00000000c0000000,0x00000000c49b7c40,0x00000000c6a80000)
 Metaspace       used 70341K, capacity 79038K, committed 79276K, reserved 1118208K
  class space    used 8719K, capacity 11434K, committed 11436K, reserved 1048576K
}
Event: 127.898 GC heap before
{Heap before GC invocations=31 (full 4):
 PSYoungGen      total 280576K, used 280572K [0x00000000eab00000, 0x0000000100000000, 0x0000000100000000)
  eden space 242688K, 100% used [0x00000000eab00000,0x00000000f9800000,0x00000000f9800000)
  from space 37888K, 99% used [0x00000000fdb00000,0x00000000fffff2e0,0x0000000100000000)
  to   space 53248K, 0% used [0x00000000f9800000,0x00000000f9800000,0x00000000fcc00000)
 ParOldGen       total 109056K, used 75487K [0x00000000c0000000, 0x00000000c6a80000, 0x00000000eab00000)
  object space 109056K, 69% used [0x00000000c0000000,0x00000000c49b7c40,0x00000000c6a80000)
 Metaspace       used 70361K, capacity 79038K, committed 79276K, reserved 1118208K
  class space    used 8719K, capacity 11434K, committed 11436K, reserved 1048576K
Event: 127.912 GC heap after
Heap after GC invocations=31 (full 4):
 PSYoungGen      total 295936K, used 27530K [0x00000000eab00000, 0x0000000100000000, 0x0000000100000000)
  eden space 242688K, 0% used [0x00000000eab00000,0x00000000eab00000,0x00000000f9800000)
  from space 53248K, 51% used [0x00000000f9800000,0x00000000fb2e2ac0,0x00000000fcc00000)
  to   space 53248K, 0% used [0x00000000fcc00000,0x00000000fcc00000,0x0000000100000000)
 ParOldGen       total 109056K, used 86101K [0x00000000c0000000, 0x00000000c6a80000, 0x00000000eab00000)
  object space 109056K, 78% used [0x00000000c0000000,0x00000000c54157f8,0x00000000c6a80000)
 Metaspace       used 70361K, capacity 79038K, committed 79276K, reserved 1118208K
  class space    used 8719K, capacity 11434K, committed 11436K, reserved 1048576K
}
Event: 133.470 GC heap before
{Heap before GC invocations=32 (full 4):
 PSYoungGen      total 295936K, used 270218K [0x00000000eab00000, 0x0000000100000000, 0x0000000100000000)
  eden space 242688K, 100% used [0x00000000eab00000,0x00000000f9800000,0x00000000f9800000)
  from space 53248K, 51% used [0x00000000f9800000,0x00000000fb2e2ac0,0x00000000fcc00000)
  to   space 53248K, 0% used [0x00000000fcc00000,0x00000000fcc00000,0x0000000100000000)
 ParOldGen       total 109056K, used 86101K [0x00000000c0000000, 0x00000000c6a80000, 0x00000000eab00000)
  object space 109056K, 78% used [0x00000000c0000000,0x00000000c54157f8,0x00000000c6a80000)
 Metaspace       used 70366K, capacity 79038K, committed 79276K, reserved 1118208K
  class space    used 8719K, capacity 11434K, committed 11436K, reserved 1048576K
Event: 133.479 GC heap after
Heap after GC invocations=32 (full 4):
 PSYoungGen      total 292864K, used 33516K [0x00000000eab00000, 0x0000000100000000, 0x0000000100000000)
  eden space 239616K, 0% used [0x00000000eab00000,0x00000000eab00000,0x00000000f9500000)
  from space 53248K, 62% used [0x00000000fcc00000,0x00000000fecbb0f0,0x0000000100000000)
  to   space 54784K, 0% used [0x00000000f9500000,0x00000000f9500000,0x00000000fca80000)
 ParOldGen       total 109056K, used 86101K [0x00000000c0000000, 0x00000000c6a80000, 0x00000000eab00000)
  object space 109056K, 78% used [0x00000000c0000000,0x00000000c54157f8,0x00000000c6a80000)
 Metaspace       used 70366K, capacity 79038K, committed 79276K, reserved 1118208K
  class space    used 8719K, capacity 11434K, committed 11436K, reserved 1048576K
}

Deoptimization events (10 events):
Event: 106.169 Thread 0x0000000020c41800 Uncommon trap: reason=predicate action=maybe_recompile pc=0x000000000527f1b8 method=java.util.TimSort.binarySort([Ljava/lang/Object;IIILjava/util/Comparator;)V @ 37
Event: 109.821 Thread 0x000000001f291000 Uncommon trap: reason=null_check action=make_not_entrant pc=0x000000000529ff24 method=com.sun.jna.Native.getNativeSize(Ljava/lang/Class;)I @ 4
Event: 115.309 Thread 0x000000001a374000 Uncommon trap: reason=null_check action=make_not_entrant pc=0x0000000003fba198 method=java.util.Objects.equals(Ljava/lang/Object;Ljava/lang/Object;)Z @ 11
Event: 115.309 Thread 0x000000001a374000 Uncommon trap: reason=bimorphic action=maybe_recompile pc=0x0000000003b676d0 method=org.openide.util.RequestProcessor$Task.cancelOrNew(Z)Z @ 36
Event: 121.030 Thread 0x000000001a374000 Uncommon trap: reason=unstable_if action=reinterpret pc=0x0000000003d1113c method=java.awt.datatransfer.DataFlavor.equals(Ljava/awt/datatransfer/DataFlavor;)Z @ 70
Event: 121.030 Thread 0x000000001a374000 Uncommon trap: reason=unstable_if action=reinterpret pc=0x000000000430e228 method=java.awt.datatransfer.DataFlavor.equals(Ljava/awt/datatransfer/DataFlavor;)Z @ 70
Event: 121.059 Thread 0x000000001a374000 Uncommon trap: reason=bimorphic action=maybe_recompile pc=0x0000000003b676d0 method=org.openide.util.RequestProcessor$Task.cancelOrNew(Z)Z @ 36
Event: 121.067 Thread 0x000000001a374000 Uncommon trap: reason=bimorphic action=maybe_recompile pc=0x0000000003b676d0 method=org.openide.util.RequestProcessor$Task.cancelOrNew(Z)Z @ 36
Event: 125.298 Thread 0x0000000020c48000 Uncommon trap: reason=bimorphic action=maybe_recompile pc=0x0000000003b676d0 method=org.openide.util.RequestProcessor$Task.cancelOrNew(Z)Z @ 36
Event: 125.405 Thread 0x0000000020c41800 Uncommon trap: reason=unstable_if action=reinterpret pc=0x0000000003c18bac method=java.awt.geom.Rectangle2D.contains(DD)Z @ 47

Internal exceptions (10 events):
Event: 21.495 Thread 0x0000000020c46000 Exception <a 'sun/nio/fs/WindowsException'> (0x00000000ed6c1760) thrown at [C:\re\workspace\8-2-build-windows-amd64-cygwin\jdk8u101\7261\hotspot\src\share\vm\prims\jni.cpp, line 709]
Event: 21.497 Thread 0x0000000020c46000 Exception <a 'sun/nio/fs/WindowsException'> (0x00000000ed6d7638) thrown at [C:\re\workspace\8-2-build-windows-amd64-cygwin\jdk8u101\7261\hotspot\src\share\vm\prims\jni.cpp, line 709]
Event: 22.121 Thread 0x0000000020c46000 Implicit null exception at 0x0000000003a2d52f to 0x0000000003a2d5c1
Event: 22.136 Thread 0x000000001a374000 Exception <a 'java/security/PrivilegedActionException'> (0x00000000f40e7db8) thrown at [C:\re\workspace\8-2-build-windows-amd64-cygwin\jdk8u101\7261\hotspot\src\share\vm\prims\jvm.cpp, line 1386]
Event: 22.545 Thread 0x0000000020c46000 Implicit null exception at 0x0000000004d511fb to 0x0000000004d530f1
Event: 22.545 Thread 0x0000000020c46000 Implicit null exception at 0x0000000004d511fb to 0x0000000004d530f1
Event: 22.704 Thread 0x000000001a374000 Exception <a 'sun/nio/fs/WindowsException'> (0x00000000f7cb9de0) thrown at [C:\re\workspace\8-2-build-windows-amd64-cygwin\jdk8u101\7261\hotspot\src\share\vm\prims\jni.cpp, line 709]
Event: 22.707 Thread 0x000000001a374000 Exception <a 'sun/nio/fs/WindowsException'> (0x00000000f7d3bdd8) thrown at [C:\re\workspace\8-2-build-windows-amd64-cygwin\jdk8u101\7261\hotspot\src\share\vm\prims\jni.cpp, line 709]
Event: 32.643 Thread 0x0000000020c49000 Exception <a 'java/lang/NoSuchMethodError': <clinit>> (0x00000000ecf80e38) thrown at [C:\re\workspace\8-2-build-windows-amd64-cygwin\jdk8u101\7261\hotspot\src\share\vm\prims\jni.cpp, line 1613]
Event: 115.309 Thread 0x000000001a374000 Implicit null exception at 0x0000000003fb9d6e to 0x0000000003fba18d

Events (10 events):
Event: 133.479 Thread 0x00000000171ae000 flushing nmethod 0x00000000050a4490
Event: 133.480 Thread 0x00000000171ae000 flushing nmethod 0x00000000051072d0
Event: 134.834 Executing VM operation: FindDeadlocks
Event: 134.835 Executing VM operation: FindDeadlocks done
Event: 136.835 Executing VM operation: FindDeadlocks
Event: 136.835 Executing VM operation: FindDeadlocks done
Event: 138.836 Executing VM operation: FindDeadlocks
Event: 138.836 Executing VM operation: FindDeadlocks done
Event: 140.837 Executing VM operation: FindDeadlocks
Event: 140.837 Executing VM operation: FindDeadlocks done


Dynamic libraries:
0x0000000000400000 - 0x0000000000580000 	C:\Program Files\NetBeans 8.1\bin\netbeans64.exe
0x00007ffda7c40000 - 0x00007ffda7e11000 	C:\WINDOWS\SYSTEM32\ntdll.dll
0x00007ffda51d0000 - 0x00007ffda527b000 	C:\WINDOWS\System32\KERNEL32.DLL
0x00007ffda4600000 - 0x00007ffda481d000 	C:\WINDOWS\System32\KERNELBASE.dll
0x00007ffda2570000 - 0x00007ffda25ea000 	C:\WINDOWS\system32\apphelp.dll
0x00007ffd91b50000 - 0x00007ffd91ba3000 	C:\WINDOWS\AppPatch\AppPatch64\AcGenral.dll
0x00007ffda5590000 - 0x00007ffda562e000 	C:\WINDOWS\System32\msvcrt.dll
0x00007ffda5380000 - 0x00007ffda53d9000 	C:\WINDOWS\System32\sechost.dll
0x00007ffda5770000 - 0x00007ffda5891000 	C:\WINDOWS\System32\RPCRT4.dll
0x00007ffda5ea0000 - 0x00007ffda5ef2000 	C:\WINDOWS\System32\SHLWAPI.dll
0x00007ffda61c0000 - 0x00007ffda6487000 	C:\WINDOWS\System32\combase.dll
0x00007ffda5020000 - 0x00007ffda5115000 	C:\WINDOWS\System32\ucrtbase.dll
0x00007ffda4fb0000 - 0x00007ffda501a000 	C:\WINDOWS\System32\bcryptPrimitives.dll
0x00007ffda6490000 - 0x00007ffda64c4000 	C:\WINDOWS\System32\GDI32.dll
0x00007ffda43d0000 - 0x00007ffda4552000 	C:\WINDOWS\System32\gdi32full.dll
0x00007ffda5fe0000 - 0x00007ffda6145000 	C:\WINDOWS\System32\USER32.dll
0x00007ffda43b0000 - 0x00007ffda43ce000 	C:\WINDOWS\System32\win32u.dll
0x00007ffda5630000 - 0x00007ffda5767000 	C:\WINDOWS\System32\ole32.dll
0x00007ffda64d0000 - 0x00007ffda79d8000 	C:\WINDOWS\System32\SHELL32.dll
0x00007ffda4880000 - 0x00007ffda48c2000 	C:\WINDOWS\System32\cfgmgr32.dll
0x00007ffda48d0000 - 0x00007ffda4faa000 	C:\WINDOWS\System32\windows.storage.dll
0x00007ffda40a0000 - 0x00007ffda40ec000 	C:\WINDOWS\System32\powrprof.dll
0x00007ffda5f00000 - 0x00007ffda5fa2000 	C:\WINDOWS\System32\advapi32.dll
0x00007ffda40f0000 - 0x00007ffda40ff000 	C:\WINDOWS\System32\kernel.appcore.dll
0x00007ffda5120000 - 0x00007ffda51c9000 	C:\WINDOWS\System32\shcore.dll
0x00007ffda4100000 - 0x00007ffda4114000 	C:\WINDOWS\System32\profapi.dll
0x00007ffda3d10000 - 0x00007ffda3d3c000 	C:\WINDOWS\SYSTEM32\SspiCli.dll
0x00007ffda39f0000 - 0x00007ffda3a0f000 	C:\WINDOWS\SYSTEM32\USERENV.dll
0x00007ffd9bbd0000 - 0x00007ffd9bbeb000 	C:\WINDOWS\SYSTEM32\MPR.dll
0x00007ffda53e0000 - 0x00007ffda540e000 	C:\WINDOWS\System32\IMM32.DLL
0x00007ffda1ab0000 - 0x00007ffda1b0e000 	C:\WINDOWS\SYSTEM32\ninput.dll
0x00007ffda79e0000 - 0x00007ffda7a9f000 	C:\WINDOWS\System32\OLEAUT32.dll
0x00007ffda4560000 - 0x00007ffda45fc000 	C:\WINDOWS\System32\msvcp_win.dll
0x00000000631a0000 - 0x0000000063654000 	C:\Program Files\NetBeans 8.1\platform\lib\nbexec64.dll
0x0000000062900000 - 0x000000006319a000 	C:\Program Files\Java\jdk1.8.0_101\jre\bin\server\jvm.dll
0x00007ffda5510000 - 0x00007ffda5518000 	C:\WINDOWS\System32\PSAPI.DLL
0x00007ffd9f670000 - 0x00007ffd9f67a000 	C:\WINDOWS\SYSTEM32\VERSION.dll
0x00007ffd97270000 - 0x00007ffd97279000 	C:\WINDOWS\SYSTEM32\WSOCK32.dll
0x00007ffd9c780000 - 0x00007ffd9c7a3000 	C:\WINDOWS\SYSTEM32\WINMM.dll
0x0000000063bb0000 - 0x0000000063c82000 	C:\Program Files\Java\jdk1.8.0_101\jre\bin\MSVCR100.dll
0x00007ffda6150000 - 0x00007ffda61ba000 	C:\WINDOWS\System32\WS2_32.dll
0x00000000007d0000 - 0x00000000007fb000 	C:\WINDOWS\SYSTEM32\WINMMBASE.dll
0x0000000063b70000 - 0x0000000063ba9000 	C:\Program Files\Java\jdk1.8.0_101\jre\bin\splashscreen.dll
0x00007ffda2c00000 - 0x00007ffda2c95000 	C:\WINDOWS\system32\uxtheme.dll
0x00000000628f0000 - 0x00000000628ff000 	C:\Program Files\Java\jdk1.8.0_101\jre\bin\verify.dll
0x00000000628c0000 - 0x00000000628e9000 	C:\Program Files\Java\jdk1.8.0_101\jre\bin\java.dll
0x00007ffda5d40000 - 0x00007ffda5e9b000 	C:\WINDOWS\System32\MSCTF.dll
0x00000000628a0000 - 0x00000000628b6000 	C:\Program Files\Java\jdk1.8.0_101\jre\bin\zip.dll
0x00007ffd8a1f0000 - 0x00007ffd8a23f000 	C:\Program Files\Nahimic\NahimicMSI\UserInterface\x64\NahimicMSIOSD.dll
0x00007ffd6abc0000 - 0x00007ffd6abf7000 	C:\Program Files\Nahimic\NahimicMSI\UserInterface\x64\NahimicMSIDevProps.dll
0x0000000062880000 - 0x000000006289a000 	C:\Program Files\Java\jdk1.8.0_101\jre\bin\net.dll
0x00007ffda52e0000 - 0x00007ffda537f000 	C:\WINDOWS\System32\clbcatq.dll
0x00007ffd99870000 - 0x00007ffd998e1000 	C:\WINDOWS\System32\MMDevApi.dll
0x00007ffd9ab90000 - 0x00007ffd9ad15000 	C:\WINDOWS\System32\PROPSYS.dll
0x00007ffda2ca0000 - 0x00007ffda2cc8000 	C:\WINDOWS\System32\DEVOBJ.dll
0x00007ffd9a930000 - 0x00007ffd9a9c4000 	C:\WINDOWS\SYSTEM32\AUDIOSES.DLL
0x00007ffda0fe0000 - 0x00007ffda1116000 	C:\WINDOWS\SYSTEM32\wintypes.dll
0x00007ffda3790000 - 0x00007ffda37ec000 	C:\WINDOWS\system32\mswsock.dll
0x0000000062860000 - 0x0000000062871000 	C:\Program Files\Java\jdk1.8.0_101\jre\bin\nio.dll
0x00007ffda3540000 - 0x00007ffda3578000 	C:\WINDOWS\SYSTEM32\IPHLPAPI.DLL
0x00007ffda5fd0000 - 0x00007ffda5fd8000 	C:\WINDOWS\System32\NSI.dll
0x00007ffd9b570000 - 0x00007ffd9b586000 	C:\WINDOWS\SYSTEM32\dhcpcsvc6.DLL
0x00007ffd9b600000 - 0x00007ffd9b61a000 	C:\WINDOWS\SYSTEM32\dhcpcsvc.DLL
0x00000000626c0000 - 0x0000000062858000 	C:\Program Files\Java\jdk1.8.0_101\jre\bin\awt.dll
0x00007ffda3b10000 - 0x00007ffda3b27000 	C:\WINDOWS\SYSTEM32\CRYPTSP.dll
0x00007ffda3950000 - 0x00007ffda3983000 	C:\WINDOWS\system32\rsaenh.dll
0x00007ffda3fe0000 - 0x00007ffda400b000 	C:\WINDOWS\SYSTEM32\bcrypt.dll
0x00007ffda3b30000 - 0x00007ffda3b3b000 	C:\WINDOWS\SYSTEM32\CRYPTBASE.dll
0x00007ffda18e0000 - 0x00007ffda1906000 	C:\WINDOWS\system32\DWMAPI.DLL
0x00007ffd983c0000 - 0x00007ffd98639000 	C:\WINDOWS\WinSxS\amd64_microsoft.windows.common-controls_6595b64144ccf1df_6.0.14393.0_none_2d0f50fcbdb171b8\COMCTL32.dll
0x00007ffd9c4a0000 - 0x00007ffd9c4b6000 	C:\WINDOWS\system32\napinsp.dll
0x00007ffd9c850000 - 0x00007ffd9c86a000 	C:\WINDOWS\system32\pnrpnsp.dll
0x00007ffd9b380000 - 0x00007ffd9b398000 	C:\WINDOWS\system32\NLAapi.dll
0x00007ffda3580000 - 0x00007ffda3620000 	C:\WINDOWS\SYSTEM32\DNSAPI.dll
0x00007ffd9da40000 - 0x00007ffd9da4e000 	C:\WINDOWS\System32\winrnr.dll
0x00007ffd968a0000 - 0x00007ffd968aa000 	C:\Windows\System32\rasadhlp.dll
0x00007ffd99290000 - 0x00007ffd992fa000 	C:\WINDOWS\System32\fwpuclnt.dll
0x0000000062670000 - 0x00000000626b7000 	C:\Program Files\Java\jdk1.8.0_101\jre\bin\fontmanager.dll
0x0000000062620000 - 0x0000000062662000 	C:\Program Files\Java\jdk1.8.0_101\jre\bin\t2k.dll
0x0000000180000000 - 0x0000000180038000 	C:\Program Files\NetBeans 8.1\platform\modules\lib\amd64\jnidispatch-410.dll
0x0000000062610000 - 0x000000006261d000 	C:\Program Files\Java\jdk1.8.0_101\jre\bin\management.dll
0x00007ffd99410000 - 0x00007ffd994dc000 	C:\WINDOWS\SYSTEM32\winhttp.dll
0x00007ffda2880000 - 0x00007ffda2a28000 	C:\WINDOWS\SYSTEM32\WindowsCodecs.dll
0x00007ffda1a60000 - 0x00007ffda1aa9000 	C:\WINDOWS\system32\dataexchange.dll
0x00007ffda2230000 - 0x00007ffda2381000 	C:\WINDOWS\system32\dcomp.dll
0x00007ffda1620000 - 0x00007ffda18d6000 	C:\WINDOWS\system32\d3d11.dll
0x00007ffda30e0000 - 0x00007ffda317f000 	C:\WINDOWS\system32\dxgi.dll
0x00007ffda0900000 - 0x00007ffda0a1c000 	C:\WINDOWS\system32\twinapi.appcore.dll
0x00000000625e0000 - 0x000000006260a000 	C:\Program Files\Java\jdk1.8.0_101\jre\bin\dcpr.dll
0x00007ffd9de30000 - 0x00007ffd9dfc2000 	C:\WINDOWS\SYSTEM32\dbghelp.dll

VM Arguments:
jvm_args: -Dnetbeans.importclass=org.netbeans.upgrade.AutoUpgrade -Dnetbeans.accept_license_class=org.netbeans.license.AcceptLicense -client -Xss2m -Xms32m -Dapple.laf.useScreenMenuBar=true -Dapple.awt.graphics.UseQuartz=true -Dsun.java2d.noddraw=true -Dsun.java2d.dpiaware=true -Dsun.zip.disableMemoryMapping=true -Xmx1024m -Dnetbeans.logger.console=true -ea -Djdk.home=C:\Program Files\Java\jdk1.8.0_101 -splash:C:\Users\Louis\NetBeans\CodeGlosser0.1\CodeGlosser0.1\build\testuserdir\var\cache\splash.png -Dnetbeans.home=C:\Program Files\NetBeans 8.1\platform -Dnetbeans.user=C:\Users\Louis\NetBeans\CodeGlosser0.1\CodeGlosser0.1\build\testuserdir -Dnetbeans.default_userdir_root=C:\Users\Louis\AppData\Roaming\NetBeans -XX:+HeapDumpOnOutOfMemoryError -XX:HeapDumpPath=C:\Users\Louis\NetBeans\CodeGlosser0.1\CodeGlosser0.1\build\testuserdir\var\log\heapdump.hprof -Dsun.awt.keepWorkingSetOnMinimize=true -Dnetbeans.dirs=C:\Program Files\NetBeans 8.1\nb;C:\Program Files\NetBeans 8.1\ergonomics;C:\Program Files\NetBeans 8.1\ide;C:\Program Files\NetBeans 8.1\extide;C:\Program Files\NetBeans 8.1\java;C:\Program Files\NetBeans 8.1\apisupport;C:\Program Files\NetBeans 8.1\webcommon;C:\Program Files\NetBeans 8.1\websvccommon;C:\Program Files\NetBeans 8.1\enterprise;C:\Program Files\NetBeans 8.1\mobility;C:\Program Files\NetBeans 8.1\profiler;C:\Program Files\NetBeans 8.1\python;C:\Program Files\NetBeans 8.1\php;C:\Program Files\NetBeans 8.1\identity;C:\Program Files\NetBeans 8.1\harness;C:\Program Files\NetBeans 8.1\cnd;C:\Program Files\NetBeans 8.1\cndext;C:\Program Files\NetBeans 8.1\dlight;C:\Program Files\NetBeans 8.1\groovy;C:\Program Files\NetBeans 8.1\extra;C:\Program Files\NetBeans 8.1\javacard;C:\Program Files\NetBeans 8.1\javafx;C:\Users\Louis\NetBeans\CodeGlosser0.1\CodeGlosser0.1\build\cluster exit 
java_command: <unknown>
java_class_path (initial): C:\Program Files\NetBeans 8.1\platform\lib\boot.jar;C:\Program Files\NetBeans 8.1\platform\lib\org-openide-modules.jar;C:\Program Files\NetBeans 8.1\platform\lib\org-openide-util-lookup.jar;C:\Program Files\NetBeans 8.1\platform\lib\org-openide-util-ui.jar;C:\Program Files\NetBeans 8.1\platform\lib\org-openide-util.jar;C:\Program Files\NetBeans 8.1\platform\lib\locale\boot_ja.jar;C:\Program Files\NetBeans 8.1\platform\lib\locale\boot_pt_BR.jar;C:\Program Files\NetBeans 8.1\platform\lib\locale\boot_ru.jar;C:\Program Files\NetBeans 8.1\platform\lib\locale\boot_zh_CN.jar;C:\Program Files\NetBeans 8.1\platform\lib\locale\org-openide-modules_ja.jar;C:\Program Files\NetBeans 8.1\platform\lib\locale\org-openide-modules_pt_BR.jar;C:\Program Files\NetBeans 8.1\platform\lib\locale\org-openide-modules_ru.jar;C:\Program Files\NetBeans 8.1\platform\lib\locale\org-openide-modules_zh_CN.jar;C:\Program Files\NetBeans 8.1\platform\lib\locale\org-openide-util-lookup_ja.jar;C:\Program Files\NetBeans 8.1\platform\lib\locale\org-openide-util-lookup_pt_BR.jar;C:\Program Files\NetBeans 8.1\platform\lib\locale\org-openide-util-lookup_ru.jar;C:\Program Files\NetBeans 8.1\platform\lib\locale\org-openide-util-lookup_zh_CN.jar;C:\Program Files\NetBeans 8.1\platform\lib\locale\org-openide-util-ui_ja.jar;C:\Program Files\NetBeans 8.1\platform\lib\locale\org-openide-util-ui_pt_BR.jar;C:\Program Files\NetBeans 8.1\platform\lib\locale\org-openide-util-ui_ru.jar;C:\Program Files\NetBeans 8.1\platform\lib\locale\org-openide-util-ui_zh_CN.jar;C:\Program Files\NetBeans 8.1\platform\lib\locale\org-openide-util_ja.jar;C:\Program Files\NetBeans 8.1\platform\lib\locale\org-openide-util_pt_BR.jar;C:\Program Files\NetBeans 8.1\platform\lib\locale\org-openide-util_ru.jar;C:\Program Files\NetBeans 8.1\platform\lib\locale\org-openide-util_zh_CN.jar;C:\Program Files\Java\jdk1.8.0_101\lib\dt.jar;C:\Program Files\Java\jdk1.8.0_101\lib\tools.jar
Launcher Type: generic

Environment Variables:
PATH=C:\ProgramData\Oracle\Java\javapath;C:\Program Files (x86)\Intel\iCLS Client\;C:\Program Files\Intel\iCLS Client\;C:\Windows\system32;C:\Windows;C:\Windows\System32\Wbem;C:\Windows\System32\WindowsPowerShell\v1.0\;C:\Program Files (x86)\Intel\Intel(R) Management Engine Components\DAL;C:\Program Files\Intel\Intel(R) Management Engine Components\DAL;C:\Program Files (x86)\Intel\Intel(R) Management Engine Components\IPT;C:\Program Files\Intel\Intel(R) Management Engine Components\IPT;C:\Program Files (x86)\NVIDIA Corporation\PhysX\Common;C:\Program Files\Intel\WiFi\bin\;C:\Program Files\Common Files\Intel\WirelessCommon\;C:\WINDOWS\system32;C:\WINDOWS;C:\WINDOWS\System32\Wbem;C:\WINDOWS\System32\WindowsPowerShell\v1.0\;C:\Go\bin;C:\Program Files (x86)\Microsoft VS Code\bin;C:\Go\bin;C:\cygwin64\bin;C:\texlive\2016\bin\win32;%USERPROFILE%\AppData\Local\Microsoft\WindowsApps;
USERNAME=Louis
OS=Windows_NT
PROCESSOR_IDENTIFIER=Intel64 Family 6 Model 94 Stepping 3, GenuineIntel



---------------  S Y S T E M  ---------------

OS: Windows 10.0 , 64 bit Build 14393 (10.0.14393.0)

CPU:total 8 (4 cores per cpu, 2 threads per core) family 6 model 94 stepping 3, cmov, cx8, fxsr, mmx, sse, sse2, sse3, ssse3, sse4.1, sse4.2, popcnt, avx, avx2, aes, clmul, erms, rtm, 3dnowpref, lzcnt, ht, tsc, tscinvbit, bmi1, bmi2, adx

Memory: 4k page, physical 12455816k(5077532k free), swap 14946184k(4209872k free)

vm_info: Java HotSpot(TM) 64-Bit Server VM (25.101-b13) for windows-amd64 JRE (1.8.0_101-b13), built on Jun 22 2016 01:21:29 by "java_re" with MS VC++ 10.0 (VS2010)

time: Sun Sep 18 19:52:52 2016
elapsed time: 141 seconds (0d 0h 2m 21s)

